<?xml version="1.0" encoding="UTF-8"?>
<testng-results ignored="0" total="3" passed="3" failed="0" skipped="0">
  <reporter-output>
  </reporter-output>
  <suite started-at="2025-08-25T14:57:21 IST" name="com.myproject" finished-at="2025-08-25T14:58:04 IST" duration-ms="42402">
    <groups>
    </groups>
    <test started-at="2025-08-25T14:57:21 IST" name="Test in chrome broswer" finished-at="2025-08-25T14:58:04 IST" duration-ms="42402">
      <class name="com.myproject.poc.Login">
        <test-method is-config="true" signature="Launch(java.lang.String)[pri:0, instance:com.myproject.poc.Login@2145b572]" started-at="2025-08-25T14:57:21 IST" name="Launch" finished-at="2025-08-25T14:57:33 IST" duration-ms="11378" status="PASS">
          <params>
            <param index="0">
              <value>
                <![CDATA[Chrome]]>
              </value>
            </param>
          </params>
          <reporter-output>
          </reporter-output>
        </test-method> <!-- Launch -->
        <test-method signature="Heading()[pri:0, instance:com.myproject.poc.Login@2145b572]" started-at="2025-08-25T14:57:33 IST" name="Heading" finished-at="2025-08-25T14:57:33 IST" duration-ms="241" status="PASS">
          <reporter-output>
          </reporter-output>
        </test-method> <!-- Heading -->
        <test-method is-config="true" signature="quit()[pri:0, instance:com.myproject.poc.Login@2145b572]" started-at="2025-08-25T14:57:33 IST" name="quit" finished-at="2025-08-25T14:57:34 IST" duration-ms="725" status="PASS">
          <reporter-output>
          </reporter-output>
        </test-method> <!-- quit -->
        <test-method is-config="true" signature="Launch(java.lang.String)[pri:0, instance:com.myproject.poc.Login@2145b572]" started-at="2025-08-25T14:57:34 IST" name="Launch" finished-at="2025-08-25T14:57:43 IST" duration-ms="9426" status="PASS">
          <params>
            <param index="0">
              <value>
                <![CDATA[Chrome]]>
              </value>
            </param>
          </params>
          <reporter-output>
          </reporter-output>
        </test-method> <!-- Launch -->
        <test-method signature="Head()[pri:0, instance:com.myproject.poc.Login@2145b572]" started-at="2025-08-25T14:57:43 IST" name="Head" finished-at="2025-08-25T14:57:43 IST" duration-ms="134" status="PASS">
          <reporter-output>
          </reporter-output>
        </test-method> <!-- Head -->
        <test-method is-config="true" signature="quit()[pri:0, instance:com.myproject.poc.Login@2145b572]" started-at="2025-08-25T14:57:43 IST" name="quit" finished-at="2025-08-25T14:57:44 IST" duration-ms="477" status="PASS">
          <reporter-output>
          </reporter-output>
        </test-method> <!-- quit -->
        <test-method is-config="true" signature="Launch(java.lang.String)[pri:0, instance:com.myproject.poc.Login@2145b572]" started-at="2025-08-25T14:57:44 IST" name="Launch" finished-at="2025-08-25T14:57:52 IST" duration-ms="8663" status="PASS">
          <params>
            <param index="0">
              <value>
                <![CDATA[Chrome]]>
              </value>
            </param>
          </params>
          <reporter-output>
          </reporter-output>
        </test-method> <!-- Launch -->
        <test-method signature="Loginfields()[pri:0, instance:com.myproject.poc.Login@2145b572]" started-at="2025-08-25T14:57:52 IST" name="Loginfields" finished-at="2025-08-25T14:58:03 IST" duration-ms="10744" status="PASS">
          <reporter-output>
          </reporter-output>
        </test-method> <!-- Loginfields -->
        <test-method is-config="true" signature="quit()[pri:0, instance:com.myproject.poc.Login@2145b572]" started-at="2025-08-25T14:58:03 IST" name="quit" finished-at="2025-08-25T14:58:04 IST" duration-ms="544" status="PASS">
          <reporter-output>
          </reporter-output>
        </test-method> <!-- quit -->
      </class> <!-- com.myproject.poc.Login -->
    </test> <!-- Test in chrome broswer -->
  </suite> <!-- com.myproject -->
</testng-results>
