<?xml version="1.0" encoding="UTF-8"?>
<!-- Generated by org.testng.reporters.JUnitXMLReporter -->
<testsuite ignored="0" hostname="DESKTOP-SL0VBTO" failures="1" tests="4" name="Test in Firefox browser" time="0.471" errors="0" timestamp="2025-07-27T17:12:32 IST">
  <testcase classname="com.myproject.poc.Launchquit" name="@AfterMethod quit" time="0.017">
    <failure type="java.lang.NullPointerException" message="Cannot invoke &amp;quot;org.openqa.selenium.WebDriver.quit()&amp;quot; because &amp;quot;com.myproject.poc.Launchquit.driver&amp;quot; is null">
      <![CDATA[java.lang.NullPointerException: Cannot invoke "org.openqa.selenium.WebDriver.quit()" because "com.myproject.poc.Launchquit.driver" is null
at com.myproject.poc.Launchquit.quit(Launchquit.java:66)
at java.base/java.util.ArrayList.forEach(ArrayList.java:1596)
at java.base/java.util.concurrent.FutureTask.run(FutureTask.java:317)
at java.base/java.util.concurrent.ThreadPoolExecutor.runWorker(ThreadPoolExecutor.java:1144)
at java.base/java.util.concurrent.ThreadPoolExecutor$Worker.run(ThreadPoolExecutor.java:642)
at java.base/java.lang.Thread.run(Thread.java:1583)
... Removed 21 stack frames]]>
    </failure>
  </testcase> <!-- @AfterMethod quit -->
  <testcase classname="com.myproject.poc.Launchquit" name="@BeforeMethod Launch" time="-1.753616552112E9">
    <skipped/>
  </testcase> <!-- @BeforeMethod Launch -->
  <testcase classname="com.myproject.poc.Launchquit" name="@AfterMethod quit" time="-1.753616552131E9">
    <skipped/>
  </testcase> <!-- @AfterMethod quit -->
  <testcase classname="com.myproject.poc.Login" name="Heading" time="0.0">
    <skipped/>
  </testcase> <!-- Heading -->
  <testcase classname="com.myproject.poc.Login" name="Heading" time="0.117">
    <failure type="java.lang.NullPointerException" message="Cannot invoke &amp;quot;org.openqa.selenium.WebDriver.findElement(org.openqa.selenium.By)&amp;quot; because &amp;quot;com.myproject.poc.Login.driver&amp;quot; is null">
      <![CDATA[java.lang.NullPointerException: Cannot invoke "org.openqa.selenium.WebDriver.findElement(org.openqa.selenium.By)" because "com.myproject.poc.Login.driver" is null
at com.myproject.poc.Login.Heading(Login.java:25)
at java.base/java.util.ArrayList.forEach(ArrayList.java:1596)
at java.base/java.util.concurrent.FutureTask.run(FutureTask.java:317)
at java.base/java.util.concurrent.ThreadPoolExecutor.runWorker(ThreadPoolExecutor.java:1144)
at java.base/java.util.concurrent.ThreadPoolExecutor$Worker.run(ThreadPoolExecutor.java:642)
at java.base/java.lang.Thread.run(Thread.java:1583)
... Removed 16 stack frames]]>
    </failure>
  </testcase> <!-- Heading -->
  <testcase classname="com.myproject.poc.Login" name="Loginfields" time="0.0">
    <skipped/>
  </testcase> <!-- Loginfields -->
  <testcase classname="com.myproject.poc.Login" name="Loginfields" time="0.0">
    <skipped/>
  </testcase> <!-- Loginfields -->
</testsuite> <!-- Test in Firefox browser -->
