<?xml version="1.0" encoding="UTF-8"?>
<!-- Generated by org.testng.reporters.JUnitXMLReporter -->
<testsuite ignored="0" hostname="DESKTOP-SL0VBTO" failures="0" tests="3" name="Test in chrome broswer" time="40.006" errors="0" timestamp="2025-08-25T16:15:23 IST">
  <testcase classname="com.myproject.poc.Login" name="Heading" time="0.176"/>
  <testcase classname="com.myproject.poc.Login" name="Head" time="0.142"/>
  <testcase classname="com.myproject.poc.Login" name="Loginfields" time="10.476"/>
</testsuite> <!-- Test in chrome broswer -->
